c:\dysk\politechnika\symulacja\cpuschedulerm2\cpuschedulerm2\debug\vc141.pdb
c:\dysk\politechnika\symulacja\cpuschedulerm2\cpuschedulerm2\debug\vc141.idb
c:\dysk\politechnika\symulacja\cpuschedulerm2\cpuschedulerm2\debug\cpu.obj
c:\dysk\politechnika\symulacja\cpuschedulerm2\cpuschedulerm2\debug\cpu_scheduler.obj
c:\dysk\politechnika\symulacja\cpuschedulerm2\cpuschedulerm2\debug\device_queue.obj
c:\dysk\politechnika\symulacja\cpuschedulerm2\cpuschedulerm2\debug\end_cpu.obj
c:\dysk\politechnika\symulacja\cpuschedulerm2\cpuschedulerm2\debug\end_io.obj
c:\dysk\politechnika\symulacja\cpuschedulerm2\cpuschedulerm2\debug\event.obj
c:\dysk\politechnika\symulacja\cpuschedulerm2\cpuschedulerm2\debug\future_event_list.obj
c:\dysk\politechnika\symulacja\cpuschedulerm2\cpuschedulerm2\debug\generator.obj
c:\dysk\politechnika\symulacja\cpuschedulerm2\cpuschedulerm2\debug\io_device.obj
c:\dysk\politechnika\symulacja\cpuschedulerm2\cpuschedulerm2\debug\kernels.obj
c:\dysk\politechnika\symulacja\cpuschedulerm2\cpuschedulerm2\debug\main.obj
c:\dysk\politechnika\symulacja\cpuschedulerm2\cpuschedulerm2\debug\new_process.obj
c:\dysk\politechnika\symulacja\cpuschedulerm2\cpuschedulerm2\debug\process.obj
c:\dysk\politechnika\symulacja\cpuschedulerm2\cpuschedulerm2\debug\ready_queue.obj
c:\dysk\politechnika\symulacja\cpuschedulerm2\cpuschedulerm2\debug\rng.obj
c:\dysk\politechnika\symulacja\cpuschedulerm2\cpuschedulerm2\debug\simulation.obj
c:\dysk\politechnika\symulacja\cpuschedulerm2\debug\cpuschedulerm2.exe
c:\dysk\politechnika\symulacja\cpuschedulerm2\debug\cpuschedulerm2.ilk
c:\dysk\politechnika\symulacja\cpuschedulerm2\debug\cpuschedulerm2.pdb
c:\dysk\politechnika\symulacja\cpuschedulerm2\cpuschedulerm2\debug\cpuschedulerm2.tlog\cl.command.1.tlog
c:\dysk\politechnika\symulacja\cpuschedulerm2\cpuschedulerm2\debug\cpuschedulerm2.tlog\cl.read.1.tlog
c:\dysk\politechnika\symulacja\cpuschedulerm2\cpuschedulerm2\debug\cpuschedulerm2.tlog\cl.write.1.tlog
c:\dysk\politechnika\symulacja\cpuschedulerm2\cpuschedulerm2\debug\cpuschedulerm2.tlog\link.command.1.tlog
c:\dysk\politechnika\symulacja\cpuschedulerm2\cpuschedulerm2\debug\cpuschedulerm2.tlog\link.read.1.tlog
c:\dysk\politechnika\symulacja\cpuschedulerm2\cpuschedulerm2\debug\cpuschedulerm2.tlog\link.write.1.tlog
